D:\OOP and DS\Programs\classes\classes_1\classes_1\Debug\cl.command.1.tlog
D:\OOP and DS\Programs\classes\classes_1\classes_1\Debug\CL.read.1.tlog
D:\OOP and DS\Programs\classes\classes_1\classes_1\Debug\CL.write.1.tlog
D:\OOP AND DS\PROGRAMS\CLASSES\CLASSES_1\CLASSES_1\DEBUG\CLASSES_1.EXE.EMBED.MANIFEST
D:\OOP AND DS\PROGRAMS\CLASSES\CLASSES_1\CLASSES_1\DEBUG\CLASSES_1.EXE.EMBED.MANIFEST.RES
D:\OOP AND DS\PROGRAMS\CLASSES\CLASSES_1\CLASSES_1\DEBUG\CLASSES_1.EXE.INTERMEDIATE.MANIFEST
D:\OOP and DS\Programs\classes\classes_1\classes_1\Debug\classes_1_manifest.rc
D:\OOP AND DS\PROGRAMS\CLASSES\CLASSES_1\CLASSES_1\DEBUG\COUNTER.OBJ
D:\OOP AND DS\PROGRAMS\CLASSES\CLASSES_1\CLASSES_1\DEBUG\ENGLCON.OBJ
D:\OOP AND DS\PROGRAMS\CLASSES\CLASSES_1\CLASSES_1\DEBUG\ENGLOBJ.OBJ
D:\OOP AND DS\PROGRAMS\CLASSES\CLASSES_1\CLASSES_1\DEBUG\ENGLOBJ2.OBJ
D:\OOP AND DS\PROGRAMS\CLASSES\CLASSES_1\CLASSES_1\DEBUG\EXAMPLE1.OBJ
D:\OOP and DS\Programs\classes\classes_1\classes_1\Debug\link.2416.read.1.tlog
D:\OOP and DS\Programs\classes\classes_1\classes_1\Debug\link.2416.write.1.tlog
D:\OOP and DS\Programs\classes\classes_1\classes_1\Debug\link.2416-cvtres.read.1.tlog
D:\OOP and DS\Programs\classes\classes_1\classes_1\Debug\link.2416-cvtres.write.1.tlog
D:\OOP and DS\Programs\classes\classes_1\classes_1\Debug\link.3108.read.1.tlog
D:\OOP and DS\Programs\classes\classes_1\classes_1\Debug\link.3108.write.1.tlog
D:\OOP and DS\Programs\classes\classes_1\classes_1\Debug\link.3108-cvtres.read.1.tlog
D:\OOP and DS\Programs\classes\classes_1\classes_1\Debug\link.3108-cvtres.write.1.tlog
D:\OOP and DS\Programs\classes\classes_1\classes_1\Debug\link.4388.read.1.tlog
D:\OOP and DS\Programs\classes\classes_1\classes_1\Debug\link.4388.write.1.tlog
D:\OOP and DS\Programs\classes\classes_1\classes_1\Debug\link.4388-cvtres.read.1.tlog
D:\OOP and DS\Programs\classes\classes_1\classes_1\Debug\link.4388-cvtres.write.1.tlog
D:\OOP and DS\Programs\classes\classes_1\classes_1\Debug\link.4472.read.1.tlog
D:\OOP and DS\Programs\classes\classes_1\classes_1\Debug\link.4472.write.1.tlog
D:\OOP and DS\Programs\classes\classes_1\classes_1\Debug\link.4472-cvtres.read.1.tlog
D:\OOP and DS\Programs\classes\classes_1\classes_1\Debug\link.4472-cvtres.write.1.tlog
D:\OOP and DS\Programs\classes\classes_1\classes_1\Debug\link.4760.read.1.tlog
D:\OOP and DS\Programs\classes\classes_1\classes_1\Debug\link.4760.write.1.tlog
D:\OOP and DS\Programs\classes\classes_1\classes_1\Debug\link.4760-cvtres.read.1.tlog
D:\OOP and DS\Programs\classes\classes_1\classes_1\Debug\link.4760-cvtres.write.1.tlog
D:\OOP and DS\Programs\classes\classes_1\classes_1\Debug\link.4812.read.1.tlog
D:\OOP and DS\Programs\classes\classes_1\classes_1\Debug\link.4812.write.1.tlog
D:\OOP and DS\Programs\classes\classes_1\classes_1\Debug\link.4812-cvtres.read.1.tlog
D:\OOP and DS\Programs\classes\classes_1\classes_1\Debug\link.4812-cvtres.write.1.tlog
D:\OOP and DS\Programs\classes\classes_1\classes_1\Debug\link.4884.read.1.tlog
D:\OOP and DS\Programs\classes\classes_1\classes_1\Debug\link.4884.write.1.tlog
D:\OOP and DS\Programs\classes\classes_1\classes_1\Debug\link.4884-cvtres.read.1.tlog
D:\OOP and DS\Programs\classes\classes_1\classes_1\Debug\link.4884-cvtres.write.1.tlog
D:\OOP and DS\Programs\classes\classes_1\classes_1\Debug\link.6096.read.1.tlog
D:\OOP and DS\Programs\classes\classes_1\classes_1\Debug\link.6096.write.1.tlog
D:\OOP and DS\Programs\classes\classes_1\classes_1\Debug\link.6096-cvtres.read.1.tlog
D:\OOP and DS\Programs\classes\classes_1\classes_1\Debug\link.6096-cvtres.write.1.tlog
D:\OOP and DS\Programs\classes\classes_1\classes_1\Debug\link.command.1.tlog
D:\OOP and DS\Programs\classes\classes_1\classes_1\Debug\link.read.1.tlog
D:\OOP and DS\Programs\classes\classes_1\classes_1\Debug\link.write.1.tlog
D:\OOP and DS\Programs\classes\classes_1\classes_1\Debug\link-cvtres.read.1.tlog
D:\OOP and DS\Programs\classes\classes_1\classes_1\Debug\link-cvtres.write.1.tlog
D:\OOP and DS\Programs\classes\classes_1\classes_1\Debug\mt.command.1.tlog
D:\OOP and DS\Programs\classes\classes_1\classes_1\Debug\mt.read.1.tlog
D:\OOP and DS\Programs\classes\classes_1\classes_1\Debug\mt.write.1.tlog
D:\OOP AND DS\PROGRAMS\CLASSES\CLASSES_1\CLASSES_1\DEBUG\OBJPART.OBJ
D:\OOP and DS\Programs\classes\classes_1\classes_1\Debug\rc.command.1.tlog
D:\OOP and DS\Programs\classes\classes_1\classes_1\Debug\rc.read.1.tlog
D:\OOP and DS\Programs\classes\classes_1\classes_1\Debug\rc.write.1.tlog
D:\OOP AND DS\PROGRAMS\CLASSES\CLASSES_1\CLASSES_1\DEBUG\SMALLOBJ.OBJ
D:\OOP and DS\Programs\classes\classes_1\classes_1\Debug\vc100.idb
D:\OOP AND DS\PROGRAMS\CLASSES\CLASSES_1\CLASSES_1\DEBUG\VC100.PDB
D:\OOP AND DS\PROGRAMS\CLASSES\CLASSES_1\DEBUG\CLASSES_1.EXE
D:\OOP AND DS\PROGRAMS\CLASSES\CLASSES_1\DEBUG\CLASSES_1.ILK
D:\OOP AND DS\PROGRAMS\CLASSES\CLASSES_1\DEBUG\CLASSES_1.PDB
